0 info it worked if it ends with ok
1 verbose cli [ '/usr/bin/node', '/usr/bin/npm', 'run', 'dev' ]
2 info using npm@3.10.10
3 info using node@v6.11.5
4 verbose run-script [ 'predev', 'dev', 'postdev' ]
5 info lifecycle InternshipInventory@0.1.8~predev: InternshipInventory@0.1.8
6 silly lifecycle InternshipInventory@0.1.8~predev: no script for predev, continuing
7 info lifecycle InternshipInventory@0.1.8~dev: InternshipInventory@0.1.8
8 verbose lifecycle InternshipInventory@0.1.8~dev: unsafe-perm in lifecycle true
9 verbose lifecycle InternshipInventory@0.1.8~dev: PATH: /usr/lib/node_modules/npm/bin/node-gyp-bin:/home/gentryme/phpwebsite/intern/InternshipInventory/node_modules/.bin:/usr/local/bin:/usr/local/sbin:/usr/bin:/usr/sbin:/home/gentryme/.composer/vendor/bin:/home/gentryme/.local/bin:/home/gentryme/bin
10 verbose lifecycle InternshipInventory@0.1.8~dev: CWD: /home/gentryme/phpwebsite/intern/InternshipInventory
11 silly lifecycle InternshipInventory@0.1.8~dev: Args: [ '-c', 'webpack --config webpack.config.dev.js -d --watch' ]
12 info lifecycle InternshipInventory@0.1.8~dev: Failed to exec dev script
13 verbose stack Error: InternshipInventory@0.1.8 dev: `webpack --config webpack.config.dev.js -d --watch`
13 verbose stack spawn ENOENT
13 verbose stack     at ChildProcess.<anonymous> (/usr/lib/node_modules/npm/lib/utils/spawn.js:33:16)
13 verbose stack     at emitTwo (events.js:106:13)
13 verbose stack     at ChildProcess.emit (events.js:191:7)
13 verbose stack     at maybeClose (internal/child_process.js:920:16)
13 verbose stack     at Process.ChildProcess._handle.onexit (internal/child_process.js:230:5)
14 verbose pkgid InternshipInventory@0.1.8
15 verbose cwd /home/gentryme/phpwebsite/intern/InternshipInventory
16 error Linux 4.13.8-100.fc25.x86_64
17 error argv "/usr/bin/node" "/usr/bin/npm" "run" "dev"
18 error node v6.11.5
19 error npm  v3.10.10
20 error file sh
21 error code ELIFECYCLE
22 error errno ENOENT
23 error syscall spawn
24 error InternshipInventory@0.1.8 dev: `webpack --config webpack.config.dev.js -d --watch`
24 error spawn ENOENT
25 error Failed at the InternshipInventory@0.1.8 dev script 'webpack --config webpack.config.dev.js -d --watch'.
25 error Make sure you have the latest version of node.js and npm installed.
25 error If you do, this is most likely a problem with the InternshipInventory package,
25 error not with npm itself.
25 error Tell the author that this fails on your system:
25 error     webpack --config webpack.config.dev.js -d --watch
25 error You can get information on how to open an issue for this project with:
25 error     npm bugs InternshipInventory
25 error Or if that isn't available, you can get their info via:
25 error     npm owner ls InternshipInventory
25 error There is likely additional logging output above.
26 verbose exit [ 1, true ]
